0 info it worked if it ends with ok
1 verbose cli [ '/Users/andrewgower/.nvm/v6.5.0/bin/node',
1 verbose cli   '/Users/andrewgower/.nvm/v6.5.0/bin/npm',
1 verbose cli   'run',
1 verbose cli   'build:main' ]
2 info using npm@3.10.3
3 info using node@v6.5.0
4 verbose run-script [ 'prebuild:main', 'build:main', 'postbuild:main' ]
5 info lifecycle zipcube-aphrodite-async-test@1.2.2~prebuild:main: zipcube-aphrodite-async-test@1.2.2
6 silly lifecycle zipcube-aphrodite-async-test@1.2.2~prebuild:main: no script for prebuild:main, continuing
7 info lifecycle zipcube-aphrodite-async-test@1.2.2~build:main: zipcube-aphrodite-async-test@1.2.2
8 verbose lifecycle zipcube-aphrodite-async-test@1.2.2~build:main: unsafe-perm in lifecycle true
9 verbose lifecycle zipcube-aphrodite-async-test@1.2.2~build:main: PATH: /Users/andrewgower/.nvm/v6.5.0/lib/node_modules/npm/bin/node-gyp-bin:/Users/andrewgower/Development/aphrodite/node_modules/.bin:/Users/andrewgower/.nvm/v6.5.0/bin:/Users/andrewgower/.composer/vendor/bin:/Users/andrewgower/.rbenv/shims:/usr/local/opt/elasticsearch@1.7/bin:/Users/andrewgower/google-cloud-sdk/bin:/Applications/Postgres.app/Contents/Versions/9.4/bin:/Users/andrewgower/.nvm/v6.5.0/bin:/Users/andrewgower/.rbenv/shims:/Applications/MAMP/bin/php/php5.6.10/bin:/usr/local/bin:/usr/bin:/bin:/usr/sbin:/sbin:/usr/local/git/bin:/usr/local/MacGPG2/bin:/Users/andrewgower/.rvm/bin:/Users/andrewgower/.composer/vendor/bin:/Users/andrewgower/golang/bin:/usr/local/opt/go/libexec/bin:/usr/local/bin:/Users/andrewgower/.fzf/bin
10 verbose lifecycle zipcube-aphrodite-async-test@1.2.2~build:main: CWD: /Users/andrewgower/Development/aphrodite
11 silly lifecycle zipcube-aphrodite-async-test@1.2.2~build:main: Args: [ '-c', 'babel -d lib/ src' ]
12 info lifecycle zipcube-aphrodite-async-test@1.2.2~build:main: Failed to exec build:main script
13 verbose stack Error: zipcube-aphrodite-async-test@1.2.2 build:main: `babel -d lib/ src`
13 verbose stack spawn ENOENT
13 verbose stack     at ChildProcess.<anonymous> (/Users/andrewgower/.nvm/v6.5.0/lib/node_modules/npm/lib/utils/spawn.js:33:16)
13 verbose stack     at emitTwo (events.js:106:13)
13 verbose stack     at ChildProcess.emit (events.js:191:7)
13 verbose stack     at maybeClose (internal/child_process.js:877:16)
13 verbose stack     at Process.ChildProcess._handle.onexit (internal/child_process.js:226:5)
14 verbose pkgid zipcube-aphrodite-async-test@1.2.2
15 verbose cwd /Users/andrewgower/Development/aphrodite
16 error Darwin 16.7.0
17 error argv "/Users/andrewgower/.nvm/v6.5.0/bin/node" "/Users/andrewgower/.nvm/v6.5.0/bin/npm" "run" "build:main"
18 error node v6.5.0
19 error npm  v3.10.3
20 error file sh
21 error code ELIFECYCLE
22 error errno ENOENT
23 error syscall spawn
24 error zipcube-aphrodite-async-test@1.2.2 build:main: `babel -d lib/ src`
24 error spawn ENOENT
25 error Failed at the zipcube-aphrodite-async-test@1.2.2 build:main script 'babel -d lib/ src'.
25 error Make sure you have the latest version of node.js and npm installed.
25 error If you do, this is most likely a problem with the zipcube-aphrodite-async-test package,
25 error not with npm itself.
25 error Tell the author that this fails on your system:
25 error     babel -d lib/ src
25 error You can get information on how to open an issue for this project with:
25 error     npm bugs zipcube-aphrodite-async-test
25 error Or if that isn't available, you can get their info via:
25 error     npm owner ls zipcube-aphrodite-async-test
25 error There is likely additional logging output above.
26 verbose exit [ 1, true ]
